<?xml version="1.0" encoding="UTF-8"?>
<!-- Generated by org.testng.reporters.JUnitXMLReporter -->
<testsuite ignored="0" hostname="DESKTOP-H0QBEHU" failures="0" tests="4" name="Regression" time="91.816" errors="0" timestamp="2023-03-17T11:41:32 CDT">
  <testcase classname="piit.AutomationRiview.browsersd" name="f" time="13.733"/>
  <testcase classname="piit.AutomationRiview.Signin" name="f" time="43.384"/>
  <testcase classname="piit.AutomationRiview.Signin" name="TextVerificationMethod" time="6.547"/>
  <testcase classname="piit.AutomationRiview.Signin" name="TextVerificationHomePage" time="6.379"/>
</testsuite> <!-- Regression -->
