<?xml version="1.0" encoding="UTF-8"?>
<!-- Generated by org.testng.reporters.JUnitXMLReporter -->
<testsuite ignored="0" hostname="DESKTOP-H0QBEHU" failures="0" tests="4" name="RegressionOfFirefox" time="94.799" errors="0" timestamp="2023-03-19T14:33:55 CDT">
  <testcase classname="piit.AutomationRiview.browsersd" name="f" time="14.143"/>
  <testcase classname="piit.AutomationRiview.Signin" name="f" time="43.401"/>
  <testcase classname="piit.AutomationRiview.Signin" name="TextVerificationMethod" time="6.527"/>
  <testcase classname="piit.AutomationRiview.Signin" name="TextVerificationHomePage" time="6.377"/>
</testsuite> <!-- RegressionOfFirefox -->
