<?xml version="1.0" encoding="UTF-8"?>
<!-- Generated by org.testng.reporters.JUnitXMLReporter -->
<testsuite ignored="0" hostname="DESKTOP-H0QBEHU" failures="0" tests="4" name="RegressionOfEdge" time="90.736" errors="0" timestamp="2023-03-19T14:33:51 CDT">
  <testcase classname="piit.AutomationRiview.browsersd" name="f" time="12.339"/>
  <testcase classname="piit.AutomationRiview.Signin" name="f" time="43.556"/>
  <testcase classname="piit.AutomationRiview.Signin" name="TextVerificationMethod" time="6.694"/>
  <testcase classname="piit.AutomationRiview.Signin" name="TextVerificationHomePage" time="6.436"/>
</testsuite> <!-- RegressionOfEdge -->
