<?xml version="1.0" encoding="UTF-8"?>
<testng-results ignored="0" total="2" passed="2" failed="0" skipped="0">
  <reporter-output>
  </reporter-output>
  <suite started-at="2023-03-22T18:37:41 CDT" name="Adhoc" finished-at="2023-03-22T18:38:39 CDT" duration-ms="58301">
    <groups>
    </groups>
    <test started-at="2023-03-22T18:37:41 CDT" name="RegressionOfFirefox" finished-at="2023-03-22T18:38:39 CDT" duration-ms="58301">
      <class name="piit.AutomationRiview.DtaProviders">
        <test-method is-config="true" signature="beforeClass(java.lang.String)[pri:0, instance:piit.AutomationRiview.DtaProviders@3a7442c7]" started-at="2023-03-22T18:37:41 CDT" name="beforeClass" finished-at="2023-03-22T18:37:51 CDT" duration-ms="10351" status="PASS">
          <params>
            <param index="0">
              <value>
                <![CDATA[Firefox]]>
              </value>
            </param>
          </params>
          <reporter-output>
          </reporter-output>
        </test-method> <!-- beforeClass -->
        <test-method signature="f(java.lang.String,java.lang.String)[pri:0, instance:piit.AutomationRiview.DtaProviders@3a7442c7]" started-at="2023-03-22T18:37:51 CDT" name="f" data-provider="dp" finished-at="2023-03-22T18:38:14 CDT" duration-ms="23109" status="PASS">
          <params>
            <param index="0">
              <value>
                <![CDATA[Mimiche@gmail.com]]>
              </value>
            </param>
            <param index="1">
              <value>
                <![CDATA[Autoumation]]>
              </value>
            </param>
          </params>
          <reporter-output>
          </reporter-output>
        </test-method> <!-- f -->
        <test-method signature="f(java.lang.String,java.lang.String)[pri:0, instance:piit.AutomationRiview.DtaProviders@3a7442c7]" started-at="2023-03-22T18:38:14 CDT" name="f" data-provider="dp" finished-at="2023-03-22T18:38:38 CDT" duration-ms="23623" status="PASS">
          <params>
            <param index="0">
              <value>
                <![CDATA[Lula@gmail.com]]>
              </value>
            </param>
            <param index="1">
              <value>
                <![CDATA[bravo]]>
              </value>
            </param>
          </params>
          <reporter-output>
          </reporter-output>
        </test-method> <!-- f -->
        <test-method is-config="true" signature="afterClass()[pri:0, instance:piit.AutomationRiview.DtaProviders@3a7442c7]" started-at="2023-03-22T18:38:38 CDT" name="afterClass" finished-at="2023-03-22T18:38:39 CDT" duration-ms="991" status="PASS">
          <reporter-output>
          </reporter-output>
        </test-method> <!-- afterClass -->
      </class> <!-- piit.AutomationRiview.DtaProviders -->
    </test> <!-- RegressionOfFirefox -->
  </suite> <!-- Adhoc -->
</testng-results>
